0.00000000 0.00000000 31.74265400
5.62476957 -0.01155229 31.93118693
-1.69506540 -1.57964454 1.28541241
-1.66282182 7.13160751 -3.80314029
-0.40379346 6.76069424 -3.65280173
-0.08919542 -4.25752656 2.64263162
0.05647729 -3.85004040 2.41653503
0.69355219 1.84998983 7.39822808
1.54817582 5.31454619 -2.88796152
1.57766743 5.33594490 -2.90032972
2.30856862 -4.90873926 2.93319570
2.26098746 3.10317121 7.79913599
2.36881745 2.98376933 7.85087542
2.60803112 2.97726012 7.85687170
2.68793287 3.07130761 7.80222280
2.75698480 1.28471063 7.31031783
4.34927462 6.69312069 -3.77672378
4.36889628 5.56887108 -3.11851347
4.45867714 5.59134924 -3.13234146
4.45576630 5.55867579 -3.11115591
3.35714121 2.88852713 7.79711098
3.53474196 2.82695491 7.81910947
5.47698127 6.65283257 -3.78021049
3.67274047 2.59357167 8.00349444
5.85809429 4.00930304 -2.22258427
5.90221080 3.97876169 -2.20244651
4.05372794 1.60237538 8.58116066
6.49888473 8.35528956 -4.75313722
5.34647450 -4.10093470 2.26725544
6.36935821 5.57660586 -3.12323691
4.34440887 1.57066255 8.59528810
4.49566993 1.51776212 8.62207404
4.51665331 1.47104643 8.64728339
4.78159366 2.34236561 8.13410910
6.68464201 4.02154498 -0.86872619
6.99356517 5.79287376 -1.87899256
4.82360827 1.69395695 8.52540899
4.79449400 1.27285693 8.75095504
7.14614173 6.45478148 -2.25369825
4.95937838 2.13339526 8.26714944
4.86092883 1.34598616 8.71496137
7.25199384 6.45597820 -2.25152993
7.25825360 6.21921490 -2.11257042
5.08155123 2.52170323 8.01888110
7.09316939 4.59299443 -1.19851229
5.05939221 2.18261144 8.23656719
5.08723514 2.14121160 8.26069516
5.22377583 2.47352055 8.04386767
5.27550980 2.45968436 8.05285078
5.24380908 2.25401790 8.18906022
5.12368182 1.10870997 8.84932263
7.53977343 4.56188389 -1.14617791
5.24542600 1.16161683 8.82940333
5.29994815 1.43341011 8.68190721
5.30304842 1.05031376 8.88806415
5.35868194 1.18177389 8.81883305
7.80589437 7.34080806 -0.88889398
5.61647173 2.27818482 8.17188204
5.67994268 2.25086536 8.18640208
5.69922042 2.28640398 8.16321050
5.47048807 0.57832196 9.13151923
5.48861185 0.62297720 9.11025809
5.53830273 0.81668614 9.01405689
7.86478245 6.22385807 -0.23947449
5.52343600 0.53370302 9.15172960
5.53350426 0.50815945 9.16300582
5.80490688 1.15050357 8.83615254
5.72122487 0.51494319 9.15933309
6.91200327 -5.88254055 4.99174129
5.83904719 0.67531067 9.07884875
5.84272907 0.55360309 9.13878442
5.86791975 0.69472263 9.06758208
6.98134432 -5.89143518 4.99167608
5.97590242 1.28371324 8.75968646
5.92716847 0.79195383 9.01537618
7.09482219 -5.82243319 4.96508861
7.07965415 -5.98423023 5.06300319
6.25596120 2.39184782 8.07366961
7.12402076 -5.84479663 4.97260286
6.24393439 2.17963353 8.21524208
6.33924902 2.32198373 8.11520738
6.09352409 0.47104064 9.16776105
6.15639927 0.60559005 9.10406001
6.50182074 2.15529574 8.20938846
6.53208962 2.09967187 8.24495692
6.56178627 2.14874723 8.21237706
6.33498480 0.68993197 9.04677578
6.33583110 0.56143813 9.11255079
6.35118658 0.61935978 9.08139827
6.49735038 1.34825662 8.68742884
6.39234199 0.40181714 9.16459221
6.48501704 0.96448450 8.88868060
9.19118684 5.61084856 0.10332756
8.25911124 -0.05867701 3.43299313
9.78805087 7.28358164 -0.85898780
9.32932437 2.75429430 1.76175882
9.88715163 2.16859453 2.08557564
10.05930264 2.16125947 2.08715339
9.51911900 -0.62795174 3.73329859
9.83349469 -0.08406623 3.41376093
10.42806407 2.14640147 2.09662231
-8.04079575 5.70644915 -2.67928388
-7.98585471 7.28029795 -3.57265316
-7.90454266 7.04409952 -3.44685499
-5.81973281 -3.26572920 2.43028214
-5.16547399 -3.30644921 2.39547568
-4.95674028 -4.05070186 2.77994115
-3.97951285 1.82336157 7.68523763
-5.10130343 8.18287344 -4.30621007
-5.07711184 8.01947009 -4.21628988
-4.90311011 7.52034073 -3.93520814
-4.95494233 8.34939036 -4.41229539
-4.86265164 8.33708190 -4.40720042
-4.80733541 7.80835160 -4.10140924
-4.43404591 7.39216436 -3.87505890
-3.46952828 7.74468428 -4.09201719
-2.29321494 3.26466414 7.88540846
-3.31021342 7.24087900 -3.80907239
-3.27725784 7.87387580 -4.17488139
-3.29932576 3.07092319 8.01789043
-0.45093498 3.59156435 7.61592275
-0.32993209 3.51500669 7.65872806
2.54656961 2.94186199 7.86707623
2.16229460 2.37469811 8.19312906
2.08260360 2.87316705 7.92014417
0.04226266 3.21123578 7.82421562
2.88837904 2.74848188 7.94172799
3.89966535 2.61456347 7.99990531
2.48782878 2.23185145 8.26440570
3.40628408 2.02754513 8.35519902
0.49476564 3.17712061 7.82621604
-0.98282334 2.74734404 8.10262625
-1.27791045 3.27816266 7.83076568
5.30710745 -3.66515658 2.19937314
6.18550906 -3.74125462 2.01203734
6.48668810 5.75099635 -3.12586763
1.99829015 -3.90562292 2.35711018
6.56475133 2.46943278 8.00400397
6.68478681 2.34403819 8.07678654
5.36474352 0.95186929 8.95277582
5.46548999 0.43325684 9.20589415
6.51139217 0.33428808 9.12895109
5.26801678 2.47382931 8.05374047
3.73883427 2.64431965 7.95490564
6.54076943 -3.05835328 3.23537931
6.24295663 -3.04351785 3.34122474
4.39668705 2.02375618 8.32764916
9.46496112 5.34558302 0.28379531
9.86481062 -0.63304956 3.85137323
10.33141702 3.22201659 1.52682320
4.79330500 6.36344828 -3.59800049
6.60075852 -6.03367018 5.07084758
7.46553167 -2.33445946 4.79605791
6.06002186 1.26753033 8.76585685
2.11794015 2.36616896 8.20549955
6.74940145 1.93607968 8.34169786
5.37598598 0.31113409 8.96349006
5.37349884 0.21793734 8.84982700
5.37220215 0.09803488 8.64064589
5.37324506 -0.03830731 8.40568380
5.37946595 -0.14808235 8.22251396
5.46774871 -0.26260826 8.01158837
