0.00000000 0.00000000 31.74265400
5.97150345 -0.09088766 31.76094075
-2.17392746 -4.22507804 -0.22109855
-2.31838530 6.93948638 -6.84144598
-1.29548119 -4.24261545 -0.22978292
-0.26640465 -4.27532384 -0.21459406
-0.10507865 5.54910770 -5.94642869
-0.01093603 5.57160405 -5.95475270
-0.01093773 5.53731301 -5.93650580
0.36047413 6.39342045 -6.44889503
0.40421099 6.57300051 -6.55804285
0.33313826 2.39624713 6.10297476
0.54812025 3.90798099 -4.94410804
0.48191468 2.37356230 6.12120717
0.49151227 0.89235713 7.02644688
0.69934859 -4.31687694 -0.18679539
0.86465424 4.00646061 -4.99787675
1.78339845 6.85162291 -6.65681204
2.13834749 5.33209154 -4.24091981
2.33888347 6.09123779 -4.67519587
2.28137851 4.70702961 -3.84682477
2.33862668 5.85250493 -4.52652752
2.29965491 4.67447860 -3.82483287
2.34550589 5.52915355 -4.33822578
2.28312050 4.03644358 -3.44412238
2.41280721 6.65128618 -4.99782525
1.60519370 0.52551036 7.26049499
1.66323451 0.43665458 7.30469603
2.17869401 -3.59856978 1.18291655
2.67826983 6.66041568 -4.98533582
2.79065113 7.73166280 -5.60377860
2.75614801 6.58999603 -4.93500620
2.76852704 4.59730033 -3.75130372
2.87475458 6.53036176 -4.88509525
2.28377613 -6.68541848 3.06670261
2.31504356 -6.69887669 3.07858767
2.58873599 -0.99684663 -0.28327954
2.63170423 -0.84856707 -0.37532138
2.66104122 -0.97068517 -0.29769754
2.67302423 -0.90982836 -0.33547367
2.92010833 3.26241874 -2.90407936
2.89297454 1.55937141 -1.84793111
2.91415493 1.77137002 -1.98138788
2.89946174 1.17842190 -1.60605628
3.43785690 7.57781354 -3.44180971
3.60148745 6.38242678 -2.72048310
3.67829852 6.38236248 -2.71741955
3.17199001 -1.47794902 2.01822711
3.75385569 6.37034745 -2.70345567
3.73209889 2.11937808 -0.14034334
3.68695395 0.31231495 0.95506298
3.78443911 1.48258201 0.22594483
3.52996698 -5.12150596 4.23756665
3.56000582 -5.13571298 4.24499234
4.31102695 4.53923986 -1.58023624
3.95453975 -0.29837539 1.34085973
4.42884242 4.83688557 -1.75266185
4.56932557 4.52867497 -1.55888152
4.20327866 -0.27368382 1.32252864
4.82881272 6.36958340 -2.65484822
3.96746741 -3.90827894 3.52560205
5.11013470 6.73921125 -2.83670673
5.21544764 5.14619860 -1.90310453
5.38199434 5.11553409 -1.88104432
5.60298817 5.00022339 -1.79279852
6.00368451 6.30717501 -2.56182056
5.77501721 0.33033739 0.99621294
5.87554912 -0.88109235 1.72690163
6.71508390 5.04449974 -1.76430512
7.96267447 3.34124022 -0.73542721
7.97651360 3.39491067 -0.75244571
8.57970414 6.94012105 -2.85252552
9.48835733 6.96624742 -2.86819999
9.65836181 6.95251271 -2.83466779
8.61241689 -0.30896829 1.44558349
9.48957746 4.52172665 -1.38009836
9.72211351 5.75206471 -2.10674272
8.32458429 -2.75652907 2.90829430
9.54133354 3.18249699 -0.56397560
8.65106208 -2.15195859 2.54753950
9.61774597 2.59272105 -0.21303457
10.18555697 5.59215664 -1.96395008
9.67302391 2.65006399 -0.27256533
9.92881113 3.90158094 -0.98959082
8.97517102 -1.58006288 2.21845491
9.40710711 0.90050391 0.78711345
10.06422748 3.89124444 -0.96834820
10.64777779 5.52257328 -1.91465726
9.96538605 1.99375207 0.16719282
10.87831446 6.20122428 -2.30090812
10.23144668 2.68017540 -0.25011243
9.21785690 -2.81350489 2.98436285
9.58443190 -0.97745633 1.88345007
10.77703978 4.87939661 -1.52415848
10.02857152 0.93548356 0.77809193
10.28405763 2.08985702 0.09016102
10.03354429 0.78653870 0.87231910
10.34583405 2.09007286 0.09808461
9.55137215 -2.19423681 2.61300022
9.51752420 -3.41580056 3.35784604
10.22205131 -0.33551110 1.53371051
11.36029004 4.94121419 -1.52699758
9.60200365 -4.03910060 3.74039621
11.77254160 5.99766896 -2.11165893
10.95933821 0.86757980 0.84958017
10.88086109 0.32954954 1.19390624
10.64311178 -0.93833500 1.91472564
10.67297462 -1.66371959 2.37098309
-8.13032686 7.64033192 -7.22102172
-5.44640219 -4.61356916 0.03133959
-3.10683842 2.71014482 5.90343578
-2.76922639 1.86399128 6.33413644
-3.57422211 -2.52646362 -1.21559145
-2.58325697 -4.93282765 0.13501559
1.88332849 2.39726962 6.19676648
2.01541989 2.27408653 6.23812455
0.60586185 0.78175235 7.21857554
0.72033410 0.21193393 7.39210209
1.84290873 0.13454760 7.39268493
0.49826917 2.38006926 6.12702662
-1.13941361 2.51779179 5.96431768
2.20349432 -3.56286939 1.11129869
1.88187907 -3.55825833 1.18477148
-0.43286160 1.87571854 6.40561626
5.22267882 5.49258751 -2.07408398
5.70649599 -0.87252286 1.66678534
6.16586814 3.25495693 -0.71377303
0.34563715 6.40689630 -6.42816676
2.27792044 -6.73157919 3.09878764
3.10735184 -2.74082267 2.83890014
1.35014816 1.11644142 6.95414491
-2.87533804 2.17953138 6.18446046
2.08305150 1.84639631 6.55637650
0.63510782 0.07149158 7.21902700
0.64152481 -0.02606648 7.02588130
0.65271983 -0.15073900 6.75480144
0.66717262 -0.30614426 6.50471569
0.68389478 -0.42547075 6.32534120
0.79023031 -0.54333592 6.09423950
