0.00000000 0.00000000 31.74265400
5.39994075 -0.27954417 31.49661156
-0.95228509 7.67469544 -5.01929988
-0.94289164 7.72260198 -5.04993736
-0.51420227 7.88410495 -5.17466680
-0.50341518 7.82489973 -5.14100417
-0.50162028 7.61154810 -5.01727461
-0.48594311 8.20728829 -5.36051634
-0.46257463 7.85003011 -5.16116815
-0.16752487 2.70335871 7.62885660
-0.19427887 7.52168409 -4.98312607
-0.17649572 8.48110838 -5.54645860
-0.04076946 2.91368874 7.49854359
-0.05122982 7.71199452 -5.09941079
-0.01390295 2.92097908 7.49243282
0.00000132 7.41763132 -4.92983178
0.04006520 3.04706529 7.40582301
0.10128573 7.00112147 -4.69899137
0.06678126 2.92188031 7.48515313
0.20157498 2.95332655 7.45168488
0.65256084 7.28536536 -4.88568338
0.68985414 3.04252964 7.33767886
1.10522402 6.92099672 -4.70056168
1.13501359 6.88681933 -4.68197504
1.28869561 6.47979889 -4.46687881
1.31093941 6.57072188 -4.51949420
1.36742083 7.24021520 -4.91018245
1.36461906 6.26750483 -4.35558546
1.41816845 7.63994564 -5.14222058
1.01562408 3.05194845 7.32003450
1.01494466 3.01602886 7.33467207
1.59390203 8.37901640 -5.59712353
2.97603563 7.11294343 -4.96407176
3.22367418 7.11787617 -4.98150124
3.24262782 7.08394769 -4.96570361
2.27031912 2.29533593 7.59616251
3.61147578 6.85086519 -4.86956298
3.66011557 6.80570796 -4.84663899
4.12427831 7.96142160 -5.55250882
4.14823477 7.99876995 -5.57756768
4.29939401 6.49007978 -4.72772053
2.89932145 2.98575279 7.19451680
3.77417516 -4.17078168 1.53047393
4.72082196 5.97737270 -4.45911171
3.20654251 3.00602279 7.15467836
3.51423852 3.01195314 7.12137424
3.53661781 3.04096916 7.11086683
5.20485506 5.64285290 -4.31097857
3.66153618 2.58811945 7.36626199
3.82030282 3.17789450 7.02424608
5.67317469 6.44391961 -4.80967464
3.85522341 3.02956103 7.10567252
3.92822737 2.98674452 7.12361440
3.95235108 2.32225652 7.46237211
4.07235407 2.87235959 7.16820119
4.38954696 2.98585368 7.10016076
4.56072565 2.51650983 7.32058708
4.91353120 2.85642209 7.11906764
5.19136272 3.17173635 6.93534798
5.35724449 3.01817633 7.00835319
5.61264133 3.06000458 6.96794565
5.60397348 2.99318419 7.00381858
5.63000466 3.03057052 6.98349283
5.57521947 2.55925720 7.23917290
5.70217274 2.98002589 7.00470508
5.73630211 3.16790699 6.89415142
5.87323466 2.24622848 7.38253095
6.03343667 2.22713711 7.38032172
6.15193381 2.84819897 7.03482066
6.31013741 2.86477028 7.02424719
6.30022115 2.79819355 7.06090617
6.53370528 2.70746891 7.08341475
6.58239472 2.75166997 7.06122885
6.71872567 2.72622278 7.05377022
6.79479871 2.75651418 7.03584758
6.85305740 2.69273961 7.05410416
6.94473590 2.47303963 7.17524835
7.01667311 2.85094931 6.95755607
7.06182788 2.85898878 6.94950002
6.97626342 2.36370213 7.23520017
6.98653933 2.29170957 7.27138861
7.06196606 2.43850909 7.18459587
7.10296101 2.61646284 7.07187974
7.02674615 1.93260999 7.46430296
7.16813364 2.53619049 7.11422982
7.11621891 1.86334599 7.49165992
7.41552950 2.60077634 7.04945709
7.40409675 2.46738178 7.13107434
11.33469119 5.75427277 -4.73183512
11.98644395 4.26381287 -2.51297092
-8.26364421 7.67885401 -4.15191972
-8.18196858 7.54681513 -4.06953275
-7.67152424 7.44969066 -4.11934336
-6.61082687 -0.54932456 0.51349315
-6.60787334 -0.50629597 0.48548353
-7.63184583 7.64235377 -4.21009358
-7.69248498 8.27375484 -4.60683516
-6.56079474 -0.54027992 0.49955075
-7.18224854 5.15310806 -2.80822359
-7.24936711 6.25240656 -3.46543131
-6.21227130 -1.79679785 1.18952021
-6.18757493 -1.63917002 1.09520070
-6.24755983 -1.11207010 0.78997546
-7.06361360 6.37924887 -3.57749649
-6.84012881 5.61929110 -3.13608642
-5.97747021 -1.58855606 1.06408420
-6.69082999 5.65416031 -3.17834387
-6.80095039 6.87837139 -3.90420513
-6.52070543 6.85733225 -3.91548140
-6.36263807 5.64698603 -3.21650791
-6.46103678 8.01411745 -4.59302691
-6.44185365 8.16517028 -4.70935834
-6.12568223 6.23094670 -3.58401443
-5.85263522 5.02896931 -2.90644647
-5.86346868 6.32549566 -3.67868595
-5.75015824 5.63031239 -3.26460433
-3.98007497 6.29918271 -2.42692700
-3.86842990 5.49764303 -1.99307643
-3.85679728 5.46625781 -1.97523004
-3.46038149 6.68570186 -4.16624959
-3.61982477 3.06682903 7.68828638
-1.53007124 2.02667591 8.17773070
2.28291145 5.90152112 -4.21749032
-2.63572828 1.36217956 8.67233184
-3.26181362 1.03154024 8.96536540
0.55509107 3.05044069 7.35746582
1.51032098 3.03082921 9.63156782
-0.45313082 2.83347342 7.59430979
-2.74455636 0.84040143 8.87150691
-2.78245826 0.92446328 8.98379856
-1.75720473 3.02146628 7.55548814
0.05122833 2.13011784 7.90335019
1.11193930 2.71731632 7.48129463
0.14638703 2.74982552 7.56365536
-4.27019730 -2.57970895 2.76096194
-0.87115820 -3.69192395 1.70544712
-3.40936960 2.23857760 8.25244848
-2.28976018 2.53303419 7.97715598
-5.77946216 -1.35354206 0.96186130
-4.50803263 5.64316776 -1.96726482
1.54208552 2.95062034 7.32090231
4.46194448 3.38327087 6.90952340
4.58058603 3.31438523 6.85376182
7.50956469 2.63799131 6.99915516
7.10043750 2.06010512 7.42607180
7.03028232 2.57496547 7.12221843
4.95651102 2.98700011 7.05913186
7.85109730 2.42186065 7.10244629
8.88415059 2.25543754 7.11584767
7.43479809 1.90662697 7.42574210
8.36414661 1.66400560 7.53647341
5.41739745 2.93694085 7.03136895
3.90043866 2.55099977 7.34363924
3.61074241 3.09816745 7.09461068
9.99026741 -4.22480471 1.08132492
10.86503192 -4.33248243 0.96665890
11.38484582 5.40451180 -4.51242227
6.59459922 -4.35864182 1.35603444
