0.00000000 0.00000000 15.87132700
4.15553940 0.03688088 16.01761081
-1.55311743 2.96374024 -3.46441563
-1.54879409 2.98262413 -3.47695776
-1.53211269 2.97046366 -3.46946940
-1.49211751 3.05669657 -3.50553462
-1.48325737 2.95806925 -3.46117505
-1.33645105 0.30327923 -2.21598373
-1.38396054 1.83802352 -2.92291091
-1.42115921 3.02711208 -3.48954694
-1.24596952 -0.63148489 -1.78372499
-1.28209106 3.02773416 -3.49436122
-1.27723692 3.35247912 -3.66239902
-1.25962741 3.31623660 -3.64146256
-1.24837219 2.95935521 -3.47123324
-1.23834655 2.98795306 -3.48158273
-1.22852925 3.02239170 -3.49536033
-1.22677450 2.94831633 -3.46854161
-1.16556898 0.96900863 -2.51792313
-1.17508397 3.01727618 -3.49833068
-1.07658216 2.18025143 -3.09384648
-0.93464364 -2.03358714 -1.17339176
-0.96145106 -0.27714479 -1.94156169
-1.03960974 2.94308674 -3.47292717
-1.00656554 1.69273708 -2.86843665
-1.02420843 2.96652688 -3.48519108
-0.99739090 2.96636037 -3.48471644
-0.92555225 0.29811419 -2.20265680
-0.99911760 3.87710441 -3.93320052
-0.96095580 3.00713358 -3.50592164
-0.97239744 3.68897921 -3.83865702
-0.95023345 3.67122047 -3.83208649
-0.87309392 0.86500973 -2.46438553
-0.92943471 3.70761129 -3.85361968
-0.91688836 3.18341835 -3.59319611
-0.88055041 1.63264231 -2.83485719
-0.90745755 3.00207520 -3.50904556
-0.89783666 2.82797684 -3.41923053
-0.86072648 1.67061502 -2.85361821
-0.79788654 -1.01525026 -1.59376765
-0.89220938 3.27241131 -3.64181423
-0.89146080 3.24281696 -3.62571520
-0.85797612 1.77932652 -2.90608637
-0.84942713 3.29553275 -3.65163209
-0.74807922 -1.36110471 -1.44530968
-0.82952022 2.87429038 -3.44426390
-0.80812413 1.88769465 -2.95422642
-0.69222415 1.81113778 -2.91858571
-0.71457356 3.60534446 -3.80455930
-0.67591657 2.95506384 -3.48457955
-0.66205910 2.77041912 -3.39475818
-0.66631509 3.32017297 -3.67064207
-0.59469463 -0.71140216 -1.72798438
-0.59697125 0.07826165 -2.09046203
-0.59082167 -0.32577196 -1.90521970
-0.62238275 2.94978168 -3.48586037
-0.58940156 3.59517218 -3.80924050
-0.47713696 -2.40103882 -1.00211010
-0.51245319 3.53573493 -3.78473279
-0.44292757 3.64960544 -3.83785771
-0.41963639 3.00427441 -3.52362640
-0.40974553 2.15603435 -3.07279710
-0.36323998 -2.11359118 -1.13731527
-0.32941575 -3.80959334 -0.38027058
-0.38130442 1.90448479 -2.96294531
-0.36866450 1.66505555 -2.85124236
-0.35558305 0.29780064 -2.18987538
-0.31762386 -0.67325658 -1.74522563
-0.27398754 3.63600863 -3.85509544
-0.24066278 0.28798435 -2.18435690
-0.21042767 3.01135367 -3.53633008
-0.19919151 3.96554401 -4.01997448
-0.13035861 0.15250213 -2.11801244
-0.11645240 -2.74433466 -0.84014675
-0.12680511 2.14171147 -3.07734296
-0.12103692 1.94947704 -2.99474379
-0.07963715 -0.33015441 -1.89685289
-0.01053599 -1.40665066 -1.42265584
0.02369290 -0.05577433 -2.02338321
0.02674867 -3.10351389 -0.67524456
0.03180442 3.54762086 -3.82035189
0.06192278 2.13172300 -3.08494634
0.09030823 2.99368170 -3.52559894
0.10443264 2.32768076 -3.18265974
0.09963484 0.62747930 -2.33647291
0.10871036 0.26767977 -2.17357192
0.12474583 0.60723721 -2.32797975
0.12816099 -1.40680173 -1.42164450
0.23345059 0.26788778 -2.17466067
0.25702555 0.81797699 -2.42976156
0.25151912 -3.76178923 -0.37406918
0.27155467 -2.79837947 -0.80295326
0.31285981 -0.38382095 -1.86732663
0.37658845 3.65826156 -3.88628413
0.33475413 -0.69180716 -1.72798057
0.38057649 2.00003958 -3.02589036
0.36615211 -2.04754065 -1.13734748
0.40538174 0.95816284 -2.50132899
0.43318835 2.91354961 -3.49511282
0.50631324 3.54857808 -3.82658024
0.45986471 0.01857245 -2.05353204
0.49151612 1.32690884 -2.68158242
0.50241805 -2.05144262 -1.12990790
0.52904994 0.00863663 -2.04653150
0.61079104 2.32913779 -3.19100040
0.59409095 1.32687267 -2.67992267
0.54400873 -2.44096600 -0.95490715
0.58762114 -0.70132817 -1.72161637
0.61260504 -0.34469816 -1.88287223
0.64983161 1.27918178 -2.66018678
0.67545173 1.27922932 -2.65995960
0.71634821 1.27402867 -2.65718919
0.74185897 1.26866329 -2.65432525
0.71190423 -1.09394836 -1.54585806
0.72274746 -0.75366592 -1.69433308
0.76758328 1.27416008 -2.65681692
0.73881336 -0.41250184 -1.84787412
0.84347059 1.01089151 -2.52504812
0.80774510 -0.62442179 -1.74727222
0.80896830 -1.29950806 -1.45608169
0.85854284 1.00041223 -2.52091903
0.92430387 1.60054669 -2.81767487
0.90377908 -0.05539101 -2.00940119
0.96913294 1.34333980 -2.68799868
0.95763831 0.32331467 -2.18537784
0.89186726 -3.09108576 -0.65591581
1.02230051 1.96124276 -3.00067497
1.05898564 0.01379058 -2.04111667
1.05674851 -0.06523226 -2.00326972
1.03838893 -0.74866549 -1.69096546
1.10581410 0.94266129 -2.48717557
1.08432000 -0.31523045 -1.88759179
1.07846196 -0.69616030 -1.71076971
1.07986048 -1.35401860 -1.41741504
1.16511332 -0.39311015 -1.84582363
1.20800377 -0.73895232 -1.68427756
1.32926980 2.22221401 -3.12997954
1.28498146 -0.32489804 -1.87654247
1.60560485 2.69969726 -2.78820110
1.58458087 2.22079751 -2.54949613
1.62693936 2.94167242 -2.91193170
1.62308179 2.85685977 -2.86853607
1.62063544 2.10769939 -2.49672933
1.73232590 3.85343455 -3.37495008
1.67413125 2.61118472 -2.74648528
1.74456802 3.88894579 -3.39165444
1.69922325 2.81780055 -2.84980358
1.77289437 4.03283429 -3.46504951
1.79507663 4.05073858 -3.47261379
1.74483763 2.79542007 -2.83855821
1.81383472 3.99103265 -3.44483758
1.78212298 2.28203278 -2.58655684
1.79699035 2.27121734 -2.58178946
1.79538485 2.23856554 -2.56565944
1.85610013 3.14710037 -3.01619132
1.90893009 3.15316516 -3.02073952
1.95303999 3.98576368 -3.44388584
1.89907238 2.86371159 -2.87575620
1.99680151 3.70096216 -3.30291676
2.01631944 4.06414151 -3.48413432
1.97941783 3.29149100 -3.09184000
1.95917299 2.91491733 -2.90322584
1.98597844 3.31465613 -3.10393694
2.01400807 3.43697905 -3.16809850
2.03740260 3.10256446 -2.99847086
2.06267957 3.08564097 -2.99061881
2.01554788 2.23954597 -2.57003486
2.06022042 2.94937756 -2.92237223
2.00769380 2.00214331 -2.45413267
2.10703596 3.67203295 -3.29006541
2.07447415 3.10853838 -3.00243011
2.03886863 2.47486621 -2.68662338
2.06492276 2.84782523 -2.87180164
2.03328430 2.09880294 -2.50083413
2.14978842 4.04143370 -3.47729866
2.10712828 2.67471072 -2.78757469
2.16188525 3.25274086 -3.07837561
2.17550977 3.39176407 -3.14947951
2.13729908 2.65823206 -2.78018818
2.15424924 2.06732547 -2.49049423
2.21407594 2.12189913 -2.52180869
2.50634619 3.59493446 -3.88415801
2.29218464 -2.00879744 -0.52404069
2.67966423 2.42479165 -3.29575755
2.21036369 0.76645258 2.05455655
2.31829915 1.24470227 1.79808987
2.33245833 1.35593856 1.73684112
2.32342278 1.21608174 1.81415133
2.32116648 1.19158709 1.82762388
2.33889412 0.27946296 2.30858367
2.35394338 0.27944233 2.30867423
2.39947466 0.28325575 2.30680570
2.53146234 1.48633081 1.65663625
2.52474562 1.31526034 1.75897614
2.44439038 0.26440148 2.30841990
2.55317189 1.17576233 1.83875997
3.71345522 4.25880411 -4.25784314
2.60499269 1.29095121 1.77020480
2.56469996 0.82239132 2.02695722
3.75061694 4.23426400 -4.24720913
2.64145913 1.29948287 1.76390162
3.85035513 4.32946501 -4.29862312
3.88437220 3.89400955 -4.07669967
3.87411991 3.62565316 -3.94317616
3.91058550 3.93668426 -4.09641626
2.68315063 0.46343536 2.20622435
2.68975063 0.49052211 2.19205731
2.79662324 1.30872961 1.75293443
4.01168699 3.94360859 -4.10135131
2.84408059 1.37153676 1.71267061
2.76119409 0.53791293 2.15850156
2.76672068 0.56446446 2.15012098
2.78385067 0.58392111 2.14098409
4.06080744 3.77785274 -4.01754170
4.05096438 3.68057241 -3.97080408
2.90191485 1.38869378 1.69968310
4.11677288 3.83341348 -4.04623710
2.91484675 1.30536999 1.75098436
2.95312184 1.49894307 1.62478379
2.86493889 0.61926176 2.11854370
2.95541402 1.34309238 1.72637338
4.18608756 3.85813805 -4.05881365
2.97469776 1.36830845 1.70973370
2.93338488 0.63924505 2.10269632
4.25396026 3.71236426 -3.98899452
3.01510085 1.19845097 1.81412632
3.03140856 1.20270859 1.81111403
3.04323045 1.23158652 1.79285104
4.34679355 3.75495731 -4.00787196
3.15909122 1.48754218 1.62594933
3.16939022 1.42413730 1.66816432
3.10136926 0.89243132 1.96937086
3.11466303 0.94424961 1.94483677
3.19133062 1.35705483 1.71070731
3.14792077 0.99644661 1.91807114
3.12212537 0.75798768 2.03114398
3.25169927 1.44543224 1.65446723
3.26440785 1.42441885 1.66794076
3.25958243 1.39085831 1.68865982
3.31923564 1.42040343 1.67042096
3.30913339 1.29519506 1.74634004
4.72286980 4.23903413 -4.25619101
3.30001755 1.14303806 1.83424976
3.26731138 0.86560904 1.97171106
3.30824631 1.17578275 1.81613495
3.32740754 1.20042726 1.80154672
3.29934984 0.97734354 1.91875095
3.32806529 1.11475943 1.84776355
3.39293783 1.43737871 1.66031691
3.36978399 1.27488546 1.75601132
3.31844367 0.86206952 1.96845583
3.32772840 0.83455984 1.97808554
3.39310974 1.27092652 1.75716989
3.35297966 0.96179653 1.92206071
3.41546890 1.39983387 1.68163412
3.40638102 1.30821150 1.73504126
3.36648260 0.86247284 1.96213309
3.40818571 1.18051453 1.80798354
3.36617413 0.81151673 1.97914164
3.39295234 1.03038842 1.88594300
3.40098162 1.06277622 1.86913902
3.39658420 0.99425751 1.90286135
3.37859832 0.81552510 1.97585295
3.42651889 1.19708862 1.79722378
3.42946334 1.16029568 1.81706862
3.39362968 0.85102350 1.96206585
3.41561697 0.95043568 1.92032119
3.43395045 1.00661794 1.89353046
3.42669316 0.90279783 1.93829472
3.43595245 0.91480138 1.93232421
3.45519486 0.98277401 1.90206105
3.53021540 1.49740350 1.61861061
4.33377505 -1.37000363 -1.49181822
5.04752799 4.26632384 -4.27283749
3.51553974 0.90389175 1.92500902
3.54821901 0.86466296 1.93399120
3.68961655 1.49007917 1.61739332
3.69220704 1.34396909 1.69790941
3.68521822 1.26549058 1.73928576
3.71006759 1.41076498 1.66033978
3.71723126 1.43168182 1.64828672
3.74840428 1.47803819 1.62075658
3.76084809 1.42390034 1.64848991
3.76753158 1.44074600 1.63838667
3.76562443 1.40295527 1.66027845
3.79028564 1.40334430 1.65710631
3.84929193 1.55488199 1.57193905
3.81363751 1.28750695 1.71689638
3.84936575 1.33747588 1.68762468
3.87604727 1.43755865 1.63408720
3.87548066 1.43336510 1.63613366
3.87741742 1.36262727 1.67217430
3.91221679 1.51756399 1.58986198
3.89867439 1.39619563 1.65279537
3.93222713 1.48841221 1.60390001
3.93563345 1.42583106 1.63433549
4.01494242 1.50151761 1.59354928
4.04731429 1.46851568 1.60582463
5.75105941 4.37934250 -4.34735047
4.05605707 1.44361544 1.61695413
4.10193583 1.63776358 1.51387965
4.07882874 1.49376559 1.59348358
4.85166687 -2.64778214 -1.03451661
4.09487164 1.46061816 1.60688296
4.04314419 1.02951655 1.81137494
4.12608485 1.59090746 1.54118158
4.12103010 1.47344661 1.59931155
4.15875277 1.53650745 1.56624572
4.11369597 1.04223548 1.79883323
4.17181957 1.43225900 1.61645498
4.19003117 1.47019255 1.59549024
4.22269447 1.60486400 1.52642454
4.21375776 1.46602471 1.59629825
4.27523245 1.66570051 1.48530461
5.28623656 -1.22720633 -1.62581153
6.01339131 3.69307001 -4.00781304
4.34368228 1.57194150 1.53776341
4.37453476 1.60639179 1.51587053
4.43339051 1.71912606 1.44314584
4.35422664 1.25517189 1.69693541
4.34961060 1.07308724 1.76218507
5.24936000 -2.47624974 -1.11320459
4.44481519 1.61126781 1.50975756
4.54337979 1.71551155 1.44057277
4.53213974 1.51544415 1.55097817
4.59675897 1.60059363 1.50035622
4.56405943 1.14696946 1.72311682
4.65397127 1.64789141 1.47342905
4.63698465 1.09812580 1.70607955
4.74481325 1.63151005 1.47959768
4.75360959 1.66112635 1.46545696
4.78210271 1.68286053 1.45289918
4.77877374 1.63620152 1.47469330
4.88132415 1.66628712 1.45866876
4.98989711 1.67159216 1.44924304
4.94826631 1.42194680 1.57903936
5.04666266 1.79835667 1.36883887
5.02450954 1.65500832 1.45446827
5.17633715 1.77273328 1.38239980
5.13223779 1.50753891 1.52606198
-2.22242520 3.02139487 -3.50768400
-1.95188934 0.27827058 -2.21407800
-1.94018738 0.05273332 -2.10578648
-1.83693760 -0.64152515 -1.78195702
-1.89232889 3.00036132 -3.48220619
-1.68709937 1.03202673 -2.54558731
-1.68297428 1.76381323 -2.89321307
-1.62577358 1.02177252 -2.54377471
-1.41143917 -2.78706818 -0.83257643
-1.59713671 2.98784850 -3.47837664
-1.58339753 3.03568285 -3.50637285
2.13581399 1.50231648 1.65480933
3.39624917 0.97671886 1.91879891
5.51797388 3.02924034 -3.70214244
2.75312725 0.54763798 2.15830797
2.38246769 0.33104122 2.27342713
4.60698225 1.64768904 1.46855783
4.89347745 1.85130116 1.33964351
4.01412498 1.48548148 1.59975436
2.70420181 0.23773736 2.27624903
2.67183495 0.28532703 2.28827986
3.23613200 1.54658148 1.58799380
4.33615096 1.09274952 1.75608155
4.94756509 1.47122947 1.56157062
4.37321887 1.45715143 1.59305383
2.07635844 -1.81935193 -0.58151279
4.05847839 -2.34721665 -1.09513258
2.26967165 1.03463726 1.90791760
2.92976244 1.24705316 1.78841218
1.22120884 -1.18623560 -1.47835698
1.78121920 2.71955728 -2.78876576
