0.00000000 0.00000000 31.74265400
5.59634043 -0.01018060 31.92956631
-1.68705585 -1.57202151 1.42931857
-1.65506558 7.09825325 -3.63735178
-0.40190454 6.72899809 -3.48726904
-0.08877036 -4.23706651 2.78100377
0.05621002 -3.83153480 2.55593327
0.69023291 1.84132927 7.51473905
1.54089902 5.28953085 -2.72518441
1.57025191 5.31082811 -2.73749241
2.29754829 -4.88509125 3.07074137
2.25013266 3.08844528 7.91408236
2.35744120 2.96961549 7.96561116
2.59550061 2.96313165 7.97162935
2.67501835 3.05672431 7.91724406
2.74373988 1.27874104 7.42769398
4.32879897 6.66154170 -3.60950268
4.34829580 5.54257315 -2.95413306
4.43765186 5.56494305 -2.96788456
4.43475380 5.53242339 -2.94679165
3.34099241 2.87481010 7.91229268
3.51773300 2.81353116 7.93422484
5.45116426 6.62140706 -3.61276330
3.65505635 2.58127077 8.11779529
5.83037116 3.99033029 -2.06184625
5.87427647 3.95993263 -2.04178991
4.03417126 1.59486088 8.69289941
6.46828778 8.31584544 -4.58131015
5.32091476 -4.08115586 2.40817586
6.33926370 5.55022064 -2.95849947
4.32344028 1.56329829 8.70700938
4.47396519 1.51065246 8.73369760
4.49484529 1.46416292 8.75879546
4.75852575 2.33125976 8.24800221
6.65289865 4.00247105 -0.71386506
6.96042145 5.76540088 -1.71965281
4.80031512 1.68598978 8.63752388
4.77132982 1.26693157 8.86203746
7.11229904 6.42417748 -2.09269733
4.93543970 2.12329801 8.38046296
4.83744368 1.33970552 8.82621734
7.21764665 6.42536599 -2.09052456
7.22386594 6.18972075 -1.95217299
5.05703279 2.50972532 8.13334619
7.05949959 4.57120233 -1.04214810
5.03496921 2.17227451 8.35003574
5.06267546 2.13107474 8.37405771
5.19856493 2.46177350 8.15824061
5.25004700 2.44800347 8.16719041
5.21849247 2.24333273 8.30277336
5.09891077 1.10357835 8.96000361
7.50396679 4.54023089 -0.98998793
5.22006379 1.15622750 8.94019143
5.27432948 1.42670126 8.79337696
5.27740217 1.04546437 8.99859224
5.33276910 1.17628578 8.92968520
7.76880826 7.30590383 -0.73385935
5.58934428 2.26737758 8.28572701
5.65250561 2.24018960 8.30018961
5.67169106 2.27555589 8.27710643
5.44401121 0.57576491 9.24095702
5.46204802 0.62020295 9.21979582
5.51150307 0.81297013 9.12404036
7.82736143 6.19424563 -0.08730199
5.49669984 0.53136263 9.26108202
5.50671830 0.50594321 9.27230815
5.77681997 1.14516382 8.94698522
5.69352433 0.51269308 9.26867624
6.87873606 -5.85400209 5.12050134
5.81077771 0.67228008 9.18857555
5.81443767 0.55116437 9.24823692
5.83951029 0.69159748 9.17736421
6.94774211 -5.86285338 5.12044127
5.94698757 1.27772514 8.87089123
5.89847375 0.78835558 9.12540472
7.06067411 -5.79418562 5.09398016
7.04557186 -5.95519501 5.19145087
6.22572869 2.38048182 8.18805099
7.08973080 -5.81644019 5.10146380
6.21375093 2.16929593 8.32897349
6.30860828 2.31095516 8.22940948
6.06400781 0.46900228 9.27711232
6.12658089 0.60289684 9.21371060
6.47038185 2.14507317 8.32318031
6.50050088 2.08971868 8.35858924
6.53005513 2.13855572 8.32616281
6.30429943 0.68682743 9.15671109
6.30513699 0.55895874 9.22218396
6.32041979 0.61659847 9.19117621
6.46589929 1.34195076 8.79902989
6.36136812 0.40011394 9.27399483
6.45361141 0.96004379 8.99935833
9.14737962 5.58412464 0.25412758
8.21948606 -0.05825030 3.56881657
9.74147615 7.24890386 -0.70385780
9.28469851 2.74120323 1.90516885
9.83981238 2.15830709 2.22757243
10.01113547 2.15100635 2.22915343
9.47339124 -0.62478295 3.86785113
9.78628304 -0.08352163 3.54977211
10.37812313 2.13621791 2.23859981
-8.00374346 5.68009854 -2.52066514
-7.94913352 7.24671263 -3.41026510
-7.86817557 7.01159078 -3.28495671
-5.79238843 -3.25015640 2.56800062
-5.14116699 -3.29066523 2.53356495
-4.93337684 -4.03136565 2.91644260
-3.96067255 1.81492948 7.79913431
-5.07771343 8.14490121 -4.13951530
-5.05362705 7.98224824 -4.04996330
-4.88040479 7.48540522 -3.76999628
-4.93202731 8.31064001 -4.24509703
-4.84015833 8.29838041 -4.23998776
-4.78507806 7.77208067 -3.93546156
-4.41348710 7.35778521 -3.70992115
-3.45341624 7.70860600 -3.92561464
-2.28231677 3.24931240 7.99879136
-3.29482535 7.20712128 -3.64381091
-3.26203578 7.83718692 -4.00806182
-3.28368510 3.05653459 8.13036515
-0.44878350 3.57458058 7.73104455
-0.32835752 3.49838475 7.77368857
2.53433534 2.92790547 7.98177678
2.15190545 2.36348239 8.30627626
2.07260544 2.85955257 8.03450659
0.04206054 3.19605507 7.93853060
2.87449162 2.73544953 8.05616084
3.88088227 2.60215688 8.11426191
2.47586638 2.22131847 8.37729403
3.38987636 2.01798294 8.46785056
0.49239786 3.16209003 7.94062969
-0.97813388 2.73441743 8.21542182
-1.27182275 3.26270822 7.94469016
5.28174460 -3.64747305 2.34055763
6.15594376 -3.72321429 2.15412561
6.45603594 5.72378088 -2.96109558
1.98876830 -3.88681811 2.49714512
6.56437880 2.46628191 7.98145607
6.64747768 2.32505396 8.20222024
6.72293441 1.92591240 8.45398927
6.51815985 0.31679759 9.24680717
5.30232979 0.98469780 9.02314429
5.37962359 0.43737318 9.25825486
6.22553030 -3.03815850 3.41274970
6.50116879 -3.04840075 3.39675609
5.27565860 -3.63539065 2.32847785
5.31147688 2.55155295 8.07521066
6.40833255 1.83666213 8.49726250
6.03481743 1.26258394 8.87292265
3.72120330 2.62695011 8.09106457
6.09156725 6.75494054 -3.70390781
2.39039586 2.94065330 7.97565615
4.24668067 1.59003375 8.73124263
3.38699528 2.01158206 8.49375597
9.41278336 5.37961678 0.41218334
4.33285262 6.68109290 -3.57118149
