0.00000000 0.00000000 31.74265400
8.21490884 0.10221565 32.35259048
-4.08205223 7.91512782 -19.61490007
-3.97855078 8.15456554 -19.74397145
-3.95163508 7.88140014 -19.59408561
-3.78944263 8.07496737 -19.71043488
-3.41879540 8.07767805 -19.73479711
-3.41807204 8.97615584 -20.33762304
-3.32705977 7.89120816 -19.65365507
-3.30229707 7.97256665 -19.70950703
-3.27589960 8.06370646 -19.74028138
-3.05332820 2.54054103 -16.40920003
-3.13386003 8.05146104 -19.76009756
-2.85792108 4.88085023 -17.82773084
-2.65350685 4.46556657 -17.61618780
-2.56217074 8.02388828 -19.78344521
-2.28457149 2.26441920 -16.23614991
-1.92895019 -9.61068844 -8.90702260
-2.44803894 8.50584263 -20.07388619
-2.31989272 4.30552925 -17.50884730
-2.38980366 7.53225774 -19.48611881
-2.38276574 8.67394788 -20.21426066
-2.26274619 4.69620502 -17.74125248
-2.20911851 7.66162020 -19.58019597
-1.83404306 -6.14732988 -11.14987788
-1.92340045 0.04723005 -14.90168395
-1.82627705 4.78310141 -17.80327780
-1.80111750 7.88295091 -19.72510773
-1.78121474 8.88512840 -20.35467457
-1.65827586 7.86918492 -19.72868978
-1.57970898 9.64801340 -20.84437006
-1.20900047 9.28525907 -20.64395887
-1.18704053 9.79754963 -20.93920196
-1.00623706 5.03443713 -17.96878441
-0.97121088 4.39356601 -17.60492125
-0.79795593 -7.20618714 -10.46480822
-0.56206640 0.89437656 -15.41712639
-0.53410703 10.67893714 -21.55272922
-0.33423384 5.67436929 -18.37017916
-0.01436044 0.80189231 -15.37402042
0.08758030 9.51937950 -20.88114927
0.08863996 -0.22444916 -14.73746665
0.16586253 5.64661477 -18.40260211
0.24313061 7.99516267 -19.89198416
0.27904170 6.17859990 -18.73859200
0.26197783 1.64048751 -15.86085007
0.44487965 -5.27935603 -11.70108756
0.43675687 -8.70214339 -9.48801305
1.01438624 9.83018290 -21.11620708
1.00953290 5.29496925 -18.21872959
1.15893139 7.77950706 -19.81903088
1.36159430 9.52565944 -20.91196677
1.29563374 3.49187557 -17.06116858
1.62369008 6.18301674 -18.76374300
1.56542543 3.49102015 -17.04593957
1.59183079 -0.89748601 -14.33534945
1.88671865 3.35053255 -16.97150007
1.99423285 -1.08535750 -14.20178360
2.18973103 -2.68124614 -13.22531788
2.32624704 0.65658045 -15.25845612
2.70901210 5.19124824 -18.13784548
4.47532229 10.26470447 -19.21372987
4.36283946 8.33128138 -18.03977926
4.61688384 10.26339144 -19.20360693
4.65069807 10.36083688 -19.25613107
4.83934655 10.64156453 -19.42376796
5.21112259 10.62842448 -19.41829425
5.01901113 7.56317761 -17.56076258
5.04517457 7.32193287 -17.42479491
5.25009585 8.72445954 -18.26096261
5.18157840 7.70380890 -17.66013835
5.26883956 8.78826134 -18.30287385
5.48898643 9.89509183 -18.98325323
5.39679507 8.21268593 -17.96458643
5.45471030 8.64803604 -18.21797837
5.49461899 8.22812534 -17.96870314
5.56186093 7.05487650 -17.27041931
5.81862441 5.57111107 -16.39592642
6.74283166 9.66423351 -21.04485810
10.15251304 11.45527954 -22.15925151
10.43135757 11.72435997 -22.32193817
10.48709966 10.50683025 -21.58170669
10.43548236 9.75926886 -21.12990529
10.56077504 10.62485931 -21.64171391
6.70586932 1.30755153 -1.36579035
10.94820481 10.17840680 -21.33919395
7.09508833 3.39490393 -2.66426136
11.10461126 10.33370732 -21.43020084
11.29618603 10.40459210 -21.47446243
11.46379927 9.99784512 -21.22098173
8.12246645 2.92873128 -2.31490551
8.26118641 3.45216601 -2.67636552
8.23212183 3.11255566 -2.44310475
8.19276612 1.97363995 -1.78959270
8.29360751 2.58985978 -2.11050736
8.22434924 1.98386368 -1.80127696
8.36464312 2.92044937 -2.31308480
8.36947974 2.82978094 -2.25608733
8.37022241 2.45191078 -2.03312842
8.34686725 2.19740228 -1.90546804
8.42062809 2.39328529 -2.00464655
8.56465492 2.20034727 -1.93084915
9.03292442 3.32374711 -2.58599206
9.02644618 3.28269051 -2.56250560
9.07512030 3.44792195 -2.66790252
9.20270770 3.48150535 -2.70165960
9.21956474 3.52272915 -2.72654175
9.41271024 3.26735752 -2.57261367
9.48133828 3.32877559 -2.60533728
9.53676812 3.41191176 -2.66060712
9.63042668 3.48569690 -2.71065550
9.80410527 3.08677613 -2.46287142
9.92710037 3.52963188 -2.74126432
10.05541978 4.01088486 -3.03305601
10.02217732 3.57113442 -2.75953119
10.10920237 3.89377285 -2.94604611
10.08662464 3.60247126 -2.77495372
10.18496678 3.75905403 -2.86769131
10.03667145 2.53922663 -2.19564116
10.31379916 3.58440758 -2.76913737
10.72115270 3.93263106 -2.97947913
10.87430167 4.21220475 -3.17198128
10.63777984 3.06266462 -2.44512369
10.89203643 3.94409643 -2.97882916
11.26269201 3.91796233 -2.97308599
11.41067438 4.03523705 -3.05145900
11.72212747 4.11959580 -3.07129182
11.96482867 4.07940839 -3.04007226
12.10405932 3.47291787 -2.67284233
12.38352758 4.40940395 -3.26547523
12.56163993 3.68569338 -2.78930626
-5.87405392 5.47366237 -18.14303814
-4.74532139 -1.65459004 -13.80129740
-4.62161342 2.70696092 -16.45919547
-4.42096636 2.70698129 -16.46153160
-4.43763946 4.65272664 -17.64495544
-4.25758182 7.96656212 -19.65993992
-4.22582081 8.10501377 -19.78979779
5.22326339 3.67632868 -2.85743662
8.27514963 2.37826187 -1.96457847
14.79694975 8.11644121 -20.06985681
6.68245400 1.32962524 -1.34801389
5.77053442 0.80306300 -1.04415800
11.29508769 4.03488878 -3.06995116
13.51495196 5.16704500 -7.77012313
9.82669377 3.63286607 -2.79563953
6.55106974 0.57663613 -1.00819511
6.47126248 0.69181585 -0.97533849
7.92686763 3.78675004 -2.95164918
10.58502269 2.66380624 -2.28159756
12.10658612 3.59511249 -2.72580562
10.70315324 3.56197295 -2.74951219
5.27365496 -4.62199328 -9.86915494
10.39115262 -6.01036460 -11.26559370
5.52915489 2.52210267 -2.11777729
7.15359563 3.04445028 -2.40477578
3.14997047 -3.06186613 -12.92342028
4.70107675 7.17236462 -17.28327063
