0.00000000 0.00000000 15.87132700
2.80252353 -0.14444841 15.71346820
-0.85102107 0.78201506 5.30566469
-0.77718945 1.33768797 4.99301407
-0.76318019 1.29813963 5.02066795
-0.73686535 0.84927015 5.26612375
-1.03798644 2.97125587 0.58393452
-0.73139844 1.25612004 5.04618858
-0.71586815 0.82536666 5.27267913
-1.03263929 3.30557571 0.41438156
-1.02031156 3.31565185 0.40673328
-0.67700759 0.89246649 5.23887998
-0.67514934 0.81688091 5.26746578
-0.65490238 0.79980475 5.26255965
-0.65739321 1.27580826 5.03164604
-0.64944219 1.21773384 5.06402130
-0.62304966 0.82371474 5.25547588
-0.62974356 1.25337472 5.04279781
-0.62823094 1.21185044 5.06816960
-0.51557166 1.22861501 5.04916477
-0.51456138 1.19048001 5.06993806
-0.48941343 1.25764819 5.03182800
-0.44875833 1.17833344 5.07130455
-0.43801852 1.22944036 5.04183845
-0.41201508 1.27134838 5.01683928
-0.40614436 1.27781091 5.01321857
-0.35405293 1.21120013 5.04403227
-0.33541008 1.16690153 5.06538994
-0.31267474 1.24025731 5.02514119
-0.31262794 1.23711423 5.02667036
-0.31211857 1.38311631 4.94057562
-0.30521437 1.14187658 5.07592439
-0.43216373 3.43377142 0.29525449
-0.29370990 1.17069882 5.05957591
-0.39502881 3.23063980 0.39576131
-0.27382728 1.24391151 5.01896922
-0.38244678 3.25017050 0.38469661
-0.33600751 3.30921746 0.35043491
-0.32086477 3.49971959 0.25198484
-0.20490555 0.91628009 5.16632406
-0.20199331 0.92231627 5.16403131
-0.28612007 3.02723175 0.48833873
-0.28315733 3.16574673 0.41814298
-0.27439117 3.14182885 0.42976626
-0.26237231 3.23766230 0.38236416
-0.17861401 0.89437481 5.14496704
-0.25183911 2.99938164 0.50004198
-0.17799194 1.25775511 5.00436092
-0.17539893 0.91967925 5.16047793
-0.24419310 3.10863240 0.44570986
-0.15972975 1.22294929 5.01950101
-0.14587933 0.92917457 5.15313178
-0.21118574 3.27225891 0.36095022
-0.14491889 1.25172644 5.00464052
-0.20363689 3.42782951 0.28153473
-0.19607684 2.92896962 0.53307793
-0.18412628 3.05723964 0.46695954
-0.18610007 3.38389615 0.30362887
-0.12514956 0.91196460 5.14990329
-0.12392772 1.25827599 5.00012971
-0.16250754 3.00071157 0.49371736
-0.16396737 3.27294420 0.35734085
-0.11213942 1.30621547 4.97687920
-0.15569262 3.33586631 0.32547648
-0.15150982 3.36016748 0.31296719
-0.12907343 3.14828212 0.41890861
-0.13034314 3.44852309 0.26613454
-0.08762627 1.20117706 5.02653050
-0.12564167 3.35568609 0.31375504
-0.07567945 1.21402530 5.01898080
-0.09582181 3.46397703 0.25520730
-0.06092778 1.30377595 4.97231579
-0.08201405 3.14888152 0.41576835
-0.05476531 1.24950791 4.99836252
-0.07437700 3.53912432 0.21194298
-0.07428901 3.49918292 0.23376097
-0.06949394 3.29332951 0.34227046
-0.06058802 3.13474898 0.42189037
-0.04294165 1.35224088 4.94607857
-0.02213972 3.22645041 0.37315484
-0.00929578 3.44075556 0.26150534
-0.00069114 3.10671159 0.43284396
0.01125177 0.95475314 5.13340827
0.02100647 3.47561398 0.24122433
0.01753783 1.36622051 4.93184768
0.04180805 2.93632235 0.51606218
0.02955164 1.31105042 4.96134123
0.02907653 0.94305136 5.13213592
0.05270124 -2.29349004 3.04948807
0.05632910 1.17044250 5.03282325
0.06006153 1.40300215 4.90475946
0.08912985 3.10787613 0.42636157
0.06224884 1.14208945 5.04713172
0.09002569 1.32473827 4.94902486
0.10705590 1.11410829 5.05752089
0.16743511 2.59237473 0.68220156
0.12344712 1.34786310 4.93326501
0.21374357 2.59305401 0.67828328
0.24158480 2.40070593 0.77419862
0.18047095 1.28100217 4.96097905
0.28341146 2.83519511 0.55503613
0.20214270 1.33588999 4.93248285
0.20368259 1.19114017 5.01002191
0.20994229 1.21362829 4.99739248
0.30054698 2.84952968 0.54669235
0.32429942 2.69122270 0.62367609
0.23874701 1.35269112 4.91977308
0.34977016 2.70077086 0.61784330
0.26922551 1.35663795 4.91268802
0.39824009 3.46657854 0.22231638
0.29631961 1.33759731 4.91972948
0.32465904 1.40584928 4.88454965
0.46299106 2.90359551 0.50833751
0.47553235 2.88948580 0.51523223
0.36057061 1.37028368 4.90154549
0.36938839 0.99527721 5.08341047
0.54987466 2.75940271 0.57427851
0.39335233 0.99559218 5.08113507
0.57225921 3.03373508 0.43253297
0.57301551 2.63469154 0.63272035
0.40820830 0.98349729 5.08285325
0.44633084 1.25480139 4.95598113
0.45485513 1.36785077 4.89726265
0.45453063 1.35173997 4.90494703
0.63108453 2.39144204 0.75407027
0.66445511 3.49715874 0.18305060
0.47595531 1.08650738 5.03607973
0.48081627 1.17511185 4.99505288
0.68682814 2.60901164 0.63505380
0.50332609 1.23277772 4.96438313
0.51020872 1.38501605 4.88284917
0.51352610 1.15015398 5.00316060
0.51403951 1.03075552 5.05422596
0.75534959 2.17080878 0.86005181
0.54452449 1.04679196 5.04335478
0.55049622 1.05309307 5.04426129
0.80627986 3.26001547 0.29464753
0.58635474 1.46282346 4.82436910
0.58183497 1.32116630 4.90788172
0.57376050 0.99197561 5.05693041
0.58403820 1.18899001 4.97859536
0.59975778 1.49318197 4.80305451
0.61375692 1.37022052 4.88024639
0.62240707 1.44307342 4.83563294
0.62776967 1.42306351 4.84852097
0.63523602 1.37364911 4.87711549
0.66090397 1.31555065 4.90511068
0.66746481 1.32870837 4.89725767
0.95588201 3.45400793 0.18080425
0.96397269 2.52131687 0.65527323
0.71627947 1.32604927 4.89400847
1.02027361 3.17251005 0.32147585
0.74090086 1.25175340 4.93365393
0.75521024 1.38840901 4.85891396
1.04799820 2.39309880 0.71816858
0.76545894 1.41483178 4.84335629
0.75985231 1.26816035 4.92250214
0.79536501 1.39240475 4.85183199
0.82276492 1.38627618 4.85263889
0.82216432 1.06183296 5.01836484
0.87849971 1.32815804 4.88011954
0.90064858 1.47630349 4.79652346
0.91171918 1.31872566 4.88322317
0.91551843 1.33503112 4.87431796
0.93325025 1.03788855 5.01935456
0.97404174 1.33900280 4.86697944
1.38345318 2.95429529 0.40221558
1.03973046 1.42785824 4.81781635
1.03605450 1.34945150 4.85589200
1.06101390 1.30088640 4.88146655
1.51356910 2.87196218 0.42997593
1.08218317 1.29469815 4.88289250
1.53423604 2.85352611 0.43715643
1.12648681 1.37346958 4.83744076
1.14735535 1.47231145 4.78465836
1.16577480 1.41336556 4.81329027
1.19959844 1.46318789 4.78449735
1.69503988 2.49258977 0.60283922
1.22616734 1.32962870 4.84810562
1.24468310 1.43763700 4.79328320
1.24067380 1.06273862 4.98635755
1.26922500 1.27811277 4.87163902
1.28324061 1.45499328 4.77876005
1.80346579 2.72273298 0.47565933
1.81602958 2.78861754 0.44248247
1.29801580 1.33751468 4.83487692
1.30661617 1.32781620 4.83967747
1.82542613 2.65780919 0.50559447
1.31870521 1.42583670 4.79053397
1.32636352 1.34448137 4.82819868
1.87423164 2.81817507 0.42186618
1.34395914 1.42969120 4.78502312
1.35475139 1.44980036 4.77238626
1.91114488 2.85203588 0.40116356
1.42455993 1.46131177 4.75620202
1.98372490 2.51184360 0.56506647
1.43509097 1.34623740 4.81635467
1.42812952 1.21220500 4.89207539
1.43478379 1.08120080 4.95608955
1.46392419 1.40548643 4.78439314
1.47674749 1.44891631 4.75778894
1.47890072 1.22926441 4.87703139
1.50333850 1.34399908 4.81054618
1.51578132 1.38983249 4.78735224
1.52372196 1.24950010 4.86194275
1.55208722 1.32858633 4.81292736
1.57058992 1.41375397 4.76976764
1.58239257 1.36154579 4.79442954
2.18854879 2.37261250 0.61611169
1.59779688 1.07428246 4.93870681
1.61295195 1.06819408 4.93871467
1.63592000 1.25436800 4.84695537
1.62471735 1.05284307 4.94106506
1.70858892 1.42230892 4.75415247
1.70209206 1.34017889 4.79553616
2.37850418 2.70135212 0.43220661
1.70234677 1.30123193 4.81345901
1.72484996 1.39278008 4.76835800
1.72513748 1.35674308 4.78593129
1.73352545 1.34385678 4.79121056
1.71517585 1.06970724 4.92536143
1.74578084 1.34079939 4.79150611
1.80432194 1.44031425 4.73503935
1.90150572 1.25549667 4.81565788
1.93459490 1.42251132 4.73296486
1.91255421 1.12990925 4.87458360
1.96459905 1.33750337 4.77240680
1.94530328 1.03496646 4.91306328
1.97836691 1.35392373 4.76456282
2.04363902 1.12869291 4.85984735
2.07624723 1.24834911 4.80133446
2.11979381 1.21019139 4.81467599
2.13879822 1.04067572 4.88928229
2.15625783 1.02808123 4.89357182
2.19905086 1.27967532 4.77228691
2.25721828 1.26104245 4.77457938
2.26916503 1.31672135 4.74683674
2.29822921 1.38601026 4.71165276
2.32342058 1.38314948 4.70996840
2.28855017 1.04238244 4.87435713
2.33762713 1.36697279 4.71614764
2.39636736 1.35150751 4.71724682
2.50691314 1.34041590 4.70908460
2.51819125 1.35695312 4.70060529
2.52533427 1.39012056 4.68307925
2.55094342 1.33461221 4.70690173
2.58109472 1.10373480 4.81550865
2.62086567 1.27361149 4.72654244
2.67292960 1.40369235 4.65276803
2.63351980 1.00836706 4.85328739
2.75217341 1.27572839 4.71081934
2.82342167 1.28329414 4.70004820
2.97535066 1.18472310 4.72592377
3.00652687 1.22131663 4.70295343
3.04080967 1.23504161 4.69176350
3.06661403 1.20628330 4.69993275
3.09730235 1.19065108 4.70172887
3.16254558 0.95800982 4.81031408
3.15284780 0.86842139 4.85437862
3.19336777 0.83713077 4.86319170
3.38946179 1.02265116 4.74673596
4.92957753 2.59488516 0.76167346
3.63185533 0.70563419 4.87011918
5.07125816 1.80119236 1.14261379
3.93789542 0.92635549 4.72229754
-3.43915143 3.20043975 0.76172372
-3.40832181 3.14865069 0.78566792
-2.86027307 -0.22781580 2.37490687
-3.19860920 3.10945159 0.76346576
-2.84050039 -0.23574571 2.37986742
-2.83896525 -0.21724814 2.36930732
-3.18090526 3.18893481 0.72858248
-2.81886319 -0.23218285 2.37575892
-2.65727047 -1.44708485 2.94990937
-2.66481344 -1.26611663 2.85876976
-2.71233901 -0.70316309 2.58673337
-2.70379705 -0.71755081 2.59248558
-2.59235236 -1.78666763 3.11424849
-2.73014216 -0.23943882 2.36932785
-2.66813879 -0.70678071 2.58624605
-2.68969608 -0.47860992 2.47793168
-2.65464013 -0.73922929 2.59853215
-2.65221133 -0.72478058 2.59213559
-2.64005997 -0.82138559 2.63505786
-2.62817030 -0.70702308 2.58307038
-2.60942807 -0.84282946 2.64128899
-2.58792287 -0.91755981 2.67647577
-2.87520832 2.36395014 1.09765295
-2.56336152 -0.74308772 2.59387810
-2.84541710 2.88054246 0.82717545
-2.45952253 2.31205132 1.07904130
-2.46202712 2.44509901 1.01615361
-2.46047148 2.65580820 0.90249613
-2.41917853 2.37003272 1.05009137
-1.84688327 -1.17818774 3.23890263
-1.52028979 0.56362599 5.47015271
-1.56430051 1.16515030 5.15273161
-1.83730903 -1.16476763 3.23236657
-1.54840216 1.04026684 5.22001853
-1.53535003 1.02441731 5.22858967
-1.53063879 1.04241924 5.22063237
-1.51466792 1.06167251 5.20834073
-1.49031301 0.97120498 5.25502911
-2.00024658 2.32141487 1.51869779
-1.99836411 2.35183651 1.50392372
-1.71721829 -1.42172233 3.34400079
-1.46433999 1.17462405 5.14496054
-1.93117439 1.98898463 1.67163508
-1.92393887 1.99746731 1.66701405
-1.74728814 1.90651474 1.69368981
-1.72273940 2.21745206 1.54149332
-1.73372796 2.67203110 1.32131759
-1.73748052 3.27708758 1.02154273
-1.67611352 2.29560341 1.49944573
-1.66902721 2.17089487 1.55880051
-1.68569356 2.66842030 1.31799932
-1.68176320 2.80716514 1.24872121
-1.62811258 2.27930958 1.50098621
-1.18117034 0.63007426 5.41143916
-1.64822515 2.98960496 1.15225525
-1.06650630 1.23451828 5.08164452
-1.43843531 2.26127790 0.99005607
-1.45275295 2.80709753 0.71839509
-1.13826016 -1.25419212 2.69198839
-1.24552519 2.14350555 1.02850546
-1.62656871 1.37700887 5.01277257
-0.69037362 0.91330178 5.22850159
0.96003566 2.48318968 0.67627327
-1.19277264 0.61587212 5.41205978
-1.47855944 0.46729746 5.51932919
0.24849424 1.36752100 4.91215221
0.47234440 1.51073062 4.80493364
-0.20396581 1.27213145 5.00361822
-1.24358628 0.38056291 5.49003779
-1.26162279 0.41887934 5.53283177
-0.78966731 1.35623180 4.97856907
0.02266691 0.95813492 5.13144145
0.49853979 1.21909601 4.96271133
0.06531840 1.23431861 4.99458449
-1.86293294 -1.12483519 3.18292341
-0.37868432 -1.60297029 2.80266308
-1.53807900 1.00900937 5.23655658
-1.03161144 1.13998205 5.14009480
-2.49222891 -0.58357162 2.53837325
-1.91346311 2.39591546 1.48472324
0.69081068 1.32251182 4.89653092
1.99433921 1.51351224 4.69558482
2.04679928 1.48230363 4.67261960
3.36009722 1.18174302 4.65883878
3.18509661 0.92533590 4.83710761
3.14776808 1.15433669 4.71998354
2.21757273 1.33771006 4.74664985
3.51523744 1.08566076 4.68943120
3.97790113 1.01092670 4.66512866
3.33533882 0.85646346 4.82771930
3.75501659 0.74797738 4.84253070
2.42358356 1.31527725 4.72570010
1.74780801 1.14405157 4.88188255
1.61554268 1.38722726 4.78532947
4.31734856 -1.82705901 2.42168298
4.68866367 -1.87058970 2.36591068
4.76752330 2.26012912 0.46762534
2.85767012 -1.89060146 2.58624240
