0.00000000 0.00000000 31.74265400
5.90808909 -0.09093280 31.76299942
-2.15153636 -4.18223704 0.10828148
-2.29423792 6.86682107 -6.43947760
-1.28214960 -4.19958040 0.09949406
-0.26367258 -4.23193917 0.11428653
-0.10399130 5.49115691 -5.55481958
-0.01082678 5.51342719 -5.56307088
-0.01082847 5.47949346 -5.54502756
0.35672304 6.32671367 -6.05186376
0.40000475 6.50442491 -6.15981991
0.32964149 2.37070389 6.37158033
0.54243172 3.86714811 -4.56368696
0.47686025 2.34826741 6.38957839
0.48636313 0.88252658 7.28499112
0.69214783 -4.27305621 0.14155357
0.85568490 3.96463120 -4.61694542
1.76486592 6.78028015 -6.25782600
2.11613051 5.27651036 -3.86710686
2.31456924 6.02776811 -4.29664464
2.25769226 4.65796316 -3.47736845
2.31432054 5.79152276 -4.14960786
2.27577999 4.62575206 -3.45562112
2.32113607 5.47154017 -3.96338559
2.25943135 3.99434326 -3.07908465
2.38771237 6.58198280 -4.61572929
1.58842078 0.51956439 7.51620493
1.64585809 0.43163632 7.55990406
2.15624886 -3.56201388 1.49763438
2.65041986 6.59104550 -4.60344433
2.76160482 7.65111643 -5.21507552
2.72749192 6.52136849 -4.55368585
2.73979808 4.54941806 -3.38301899
2.84486978 6.46236833 -4.50434852
2.26031930 -6.61740206 3.36110795
2.29126665 -6.63072387 3.37286049
2.56200896 -0.98694577 0.04729251
2.60453098 -0.84018830 -0.04376504
2.63356897 -0.96105032 0.03301080
2.64542703 -0.90081837 -0.00436012
2.88984819 3.22839598 -2.54508629
2.86304292 1.54295922 -1.50044252
2.88399882 1.75277004 -1.63245463
2.86947380 1.16594163 -1.26119651
3.40202474 7.49878208 -3.07509610
3.56399888 6.31590910 -2.36176152
3.64001317 6.31585428 -2.35875500
3.13920623 -1.46307798 2.32538275
3.71478703 6.30397317 -2.34496454
3.69341501 2.09717870 0.19009946
3.64880268 0.30877792 1.27360234
3.74523974 1.46697167 0.55236369
3.49362471 -5.06932803 4.52067370
3.52335611 -5.08339056 4.52800994
4.26626336 4.49199552 -1.23424069
3.91365486 -0.29560792 1.65513788
4.38284724 4.78655839 -1.40480999
4.52189248 4.48156564 -1.21319684
4.15983313 -0.27115916 1.63691994
4.77860854 6.30334268 -2.29722657
3.92659283 -3.86848734 3.81625305
5.05699959 6.66914745 -2.47714910
5.16131002 5.09273802 -1.55385703
5.32613950 5.06241047 -1.53209751
5.54485943 4.94832123 -1.44488420
5.94134386 6.24172571 -2.20560770
5.71539465 0.32672432 1.31362951
5.81496947 -0.87225697 2.03635821
6.64549788 4.99225854 -1.41708149
7.88042673 3.30675924 -0.39995377
7.89411970 3.35987704 -0.41678474
8.49081825 6.86842734 -2.49410640
9.39016779 6.89441462 -2.51001842
9.55843425 6.88084607 -2.47690910
8.52387153 -0.30588363 1.75706681
9.39162508 4.47521196 -1.03819335
9.62166069 5.69285340 -1.75698539
8.23918595 -2.72846933 3.20408175
9.44299209 3.14980133 -0.23098917
8.56229800 -2.13005298 2.84708617
9.51868890 2.56610232 0.11609515
10.08039420 5.53465895 -1.61592743
9.57340186 2.62286144 0.05716253
9.82645093 3.86151428 -0.65213242
8.88306636 -1.56398059 2.52142992
9.31036767 0.89124404 1.10544968
9.96049035 3.85129833 -0.63117078
10.53792012 5.46585629 -1.56738808
9.86286286 1.97331711 0.49204247
10.76602896 6.13751714 -1.94949685
10.12614790 2.65271195 0.07915288
9.12341696 -2.78485965 3.27899238
9.48609384 -0.96750309 2.18980774
10.66594779 4.82934134 -1.18122817
9.92552735 0.92590458 1.09625550
10.17829402 2.06846161 0.41568707
9.93046512 0.77848484 1.18946537
10.23944357 2.06868002 0.42350354
9.45349754 -2.17188671 2.91149058
9.42011970 -3.38103831 3.64833347
10.11719254 -0.33208467 1.84359613
11.24326831 4.89059060 -1.18427661
9.50381254 -3.99801952 4.02674058
11.65120000 5.93619172 -1.76270143
10.84688783 0.85875408 1.16656768
10.76926863 0.32621724 1.50721039
10.53407246 -0.92874503 2.22031355
10.56372023 -1.64674577 2.67164494
-8.04536758 7.55981795 -6.81381901
-5.39022429 -4.56682405 0.35851514
-3.07419419 2.68105599 6.17500875
-2.74016297 1.84380270 6.60088889
-3.53731261 -2.50107480 -0.87514242
-2.55666328 -4.88276063 0.46054962
1.89669912 2.36879147 6.39503734
1.99125720 2.24784944 6.48623159
2.07037939 1.82498877 6.78906793
1.86679626 0.11523611 7.62807846
0.56339170 0.79099243 7.33176964
0.65329244 0.21927867 7.52490092
1.87161522 -3.51446848 1.54494043
2.17400949 -3.52542636 1.41418933
0.92738117 -4.22093566 0.21728839
0.56723581 2.45216334 6.31522874
1.73524140 1.72095655 6.84140643
1.34002822 1.10740140 7.21811891
-1.12877389 2.48988529 6.23440128
1.74880166 6.82502342 -6.29760476
-2.54823006 2.78523298 6.07928066
-0.56383181 1.40399310 7.02692956
-1.48433821 1.82921051 6.64915315
5.17055444 5.50884466 -1.81492763
-0.12855075 6.71628447 -6.28060812
