0.00000000 0.00000000 15.87132700
2.78018954 0.00189975 15.90269637
-0.83044798 1.51797459 5.12349794
-0.79853499 1.46343551 5.15188793
-0.75970182 1.45380438 5.15536671
-0.74754878 1.21375357 5.28333869
-0.74955837 1.41907594 5.17280267
-0.73506213 1.51178219 5.12585337
-1.04568340 3.32084575 0.53866256
-1.01975628 3.54024935 0.41960369
-0.70226964 1.42209221 5.17138315
-0.90480401 2.63993072 0.89215951
-0.61539549 1.48911384 5.13759406
-0.53252289 1.39010652 5.19006588
-0.70724882 3.03061977 0.68541096
-0.49642884 1.48850900 5.14052364
-0.48529942 1.39010992 5.18852475
-0.48515629 1.38391594 5.19163731
-0.45681231 1.44673781 5.16383308
-0.39736693 1.43113779 5.16867438
-0.50782334 2.91940577 0.73574855
-0.34610022 1.37721723 5.19666158
-0.48777989 2.97115871 0.70787812
-0.47059589 2.94769534 0.72003236
-0.47130879 3.23784976 0.56385374
-0.34003232 -1.71332902 3.09527731
-0.27832689 1.38696861 5.19070601
-0.24614873 1.42130336 5.17664813
-0.33354328 3.05738226 0.65659217
-0.23140576 1.42759486 5.17429054
-0.17637270 2.84246216 0.76353745
-0.17238812 2.87517886 0.74617084
-0.13066969 2.90824335 0.72723693
-0.10925588 2.78735614 0.78913739
-0.07733220 3.35228639 0.48761908
-0.04776317 3.51857182 0.39670171
-0.00486387 2.90025830 0.72546459
0.00362304 3.27080448 0.52833646
0.02415939 -1.67631491 3.05616745
0.01993541 1.19307379 5.28490482
0.03265335 2.72310963 0.81905990
0.04046734 2.40289238 0.99178867
0.13231139 2.64122624 0.85777138
0.13027057 1.51135881 5.12733229
0.13587235 1.46310665 5.15359548
0.20183352 2.48610208 0.93866018
0.21363938 2.41313661 0.97863712
0.21826229 2.47243926 0.94559324
0.19508787 1.45063331 5.15880550
0.20090312 1.43800906 5.16463937
0.22757199 1.43804507 5.16444070
0.29062757 1.49564360 5.13442999
0.29607067 1.46347039 5.15206436
0.42760756 2.90325626 0.70947692
0.42760849 2.63424652 0.85182799
0.44289287 2.80979149 0.75926190
0.32028556 1.48948431 5.13622879
0.42317818 1.43244334 5.16321790
0.45739281 1.49707810 5.12617027
0.66021896 2.26772631 1.03969114
0.66560782 2.31735340 1.01178488
0.68883287 3.08149906 0.60071790
0.48484749 1.40433278 5.17543044
0.49564557 1.11944298 5.32037322
0.70609061 2.44057755 0.94053664
0.74598144 3.31266055 0.47347022
0.54743898 1.42034573 5.16741954
0.56146819 1.39175282 5.18203162
0.60386078 1.32227203 5.21635469
0.60808434 1.36646080 5.19450770
0.63211099 1.37611347 5.18817550
0.64534179 1.32574830 5.21329216
0.68213844 1.44103690 5.14641545
0.70767754 1.32943298 5.20770920
0.73359403 1.30768534 5.21697646
0.74338628 1.25711545 5.24511994
0.76414247 1.33328747 5.20261614
0.79297388 1.44915252 5.13357201
0.79118227 1.34299503 5.19662134
1.16344489 3.45090369 0.37340303
0.87485144 1.41734680 5.15025877
1.27389447 3.50656764 0.33791204
0.87918874 1.31261670 5.20452229
0.90048426 1.20231748 5.26569249
0.94430111 1.37330304 5.17041689
1.16414693 -1.84155871 3.08400018
0.98708310 1.33260269 5.18818340
0.98931844 1.31686305 5.19582507
1.00641265 1.36432522 5.17182613
1.01667890 1.16282302 5.27892482
1.05805736 1.38379709 5.15940919
1.04523086 1.14447657 5.28676727
1.07829096 1.31151721 5.19337749
1.09534294 1.29585665 5.20004194
1.18495983 1.24959398 5.21808639
1.19732310 1.36907222 5.16161286
1.22597034 0.57173636 4.97945280
1.20517042 1.24033914 5.22204787
1.68870254 2.20097780 1.02801419
1.24260158 1.18070906 5.25473467
1.27762195 1.25387205 5.20880140
1.81532728 2.42299488 0.90324694
1.84869859 2.84527976 0.66908507
1.85921645 2.81254055 0.68604858
1.86218293 2.37370087 0.92642848
1.90045625 2.38325053 0.91902095
1.89951618 2.36965716 0.92623185
1.36291530 1.23591555 5.21209299
1.36513694 1.22644827 5.21772690
1.35076156 0.86458092 5.41729504
1.38631976 1.25901249 5.19142071
1.38913067 1.18887375 5.23723826
1.40846318 0.94086012 5.37669119
1.44744571 1.24047242 5.19920561
1.49517946 1.28753217 5.15460459
1.47216161 0.96870189 5.35852254
1.49475096 1.20284144 5.22039386
1.50726031 1.20625327 5.21555321
1.54305170 1.24979801 5.17279232
1.57443804 1.26009912 5.16134352
1.56366408 1.07456355 5.29283053
1.58526911 1.24738685 5.16836118
1.55228444 0.82945403 5.42671866
1.64352146 1.16346936 5.23278934
1.66116262 1.16048747 5.23326016
1.66837130 1.17320512 5.22506974
1.69824103 1.08226904 5.27761619
1.69439441 1.04470022 5.30129171
1.70194758 1.06037403 5.29095646
1.71236112 1.10437875 5.26321964
1.73633227 1.18426373 5.20716164
1.73739075 1.00152065 5.32497888
1.76546701 1.15834666 5.22768089
1.76019806 0.83657757 5.41442777
1.80026593 0.82474782 5.41776632
2.52548772 1.70187178 1.25866656
1.84259531 1.12449918 5.24292768
1.84327980 1.10248854 5.25579719
1.81118894 0.71673640 5.47106433
1.85555703 1.07753735 5.26968560
1.83176569 0.75276668 5.45282989
1.83771705 0.78580630 5.43567834
1.83360749 0.74082583 5.45873160
1.85669504 0.92544075 5.36205027
2.71456944 2.37634377 0.89523546
1.94613775 1.05981258 5.27359060
1.92319299 0.72935210 5.45919314
1.96018460 0.97575269 5.32412620
1.93889972 0.77142716 5.43721244
1.95761415 0.92638588 5.35330831
1.95618806 0.85908011 5.39178549
2.02207746 0.97015096 5.32241092
2.00883559 0.67901869 5.47997922
2.02678496 0.79904204 5.41792858
2.01712140 0.70290769 5.46718239
2.01670018 0.67014501 5.48406269
2.01844038 0.65822465 5.48990336
2.02340020 0.64930734 5.49402424
2.06088113 0.78719344 5.42182931
2.86539947 2.33061572 1.41695589
2.87144975 2.34825718 1.40697692
2.08971788 0.83872526 5.39414707
2.09488279 0.66455115 5.48306979
2.87504564 1.72943270 1.73823665
2.13689760 0.83905361 5.39144968
2.99485678 2.48103858 1.33751418
2.20938968 1.06518312 5.25497069
2.21108409 1.05574286 5.26094084
2.20881074 0.89760012 5.35489456
2.21137767 0.87007184 5.37030625
3.10070877 2.76038102 1.18526261
3.10516882 2.66063667 1.23990207
2.25282017 1.05605037 5.25909798
2.22377264 0.80018107 5.40777802
2.21138192 0.66499141 5.47888611
2.22649645 0.77300406 5.42215457
3.04624350 1.97211088 1.60232011
2.25715573 0.97502243 5.30728824
2.24874608 0.60865824 5.50636762
2.25779291 0.58496694 5.51769156
2.27289958 0.54064667 5.54053395
2.33156843 0.95087455 5.31643630
2.33337570 0.94160825 5.32148625
2.32210735 0.73729252 5.43675451
2.31197208 0.55259979 5.53308072
2.40314492 1.03857483 5.26068852
3.23897428 1.95951305 1.61124487
2.36883600 0.64160869 5.48618461
2.41522161 0.79535639 5.39883682
2.39643206 0.52928272 5.54129288
2.46472123 0.96143954 5.30032015
2.48390585 1.01433358 5.26914494
2.46071871 0.71688992 5.44054123
2.50541337 1.01766349 5.26569360
2.42205250 0.35144760 5.62708209
2.46366598 0.65100432 5.47680597
2.45951522 0.54425200 5.53028487
2.53382678 1.00554220 5.27041623
2.44966170 0.25943567 5.66646186
2.45739233 0.27946952 5.65801950
2.51964707 0.67227829 5.46111121
2.50684839 0.25382075 5.66527405
2.57052582 0.73602251 5.41982883
2.53484251 0.34593293 5.62134404
2.52384536 0.25092516 5.66558683
2.59629832 0.51540117 5.53660722
2.58441591 0.34614273 5.61747815
2.59982292 0.42461740 5.57937592
2.59000620 0.32013805 5.62923597
2.61422073 0.30286002 5.63507511
2.63216241 0.42473755 5.57642619
2.61642446 0.24830514 5.65979645
2.62704755 0.31153279 5.62962901
3.06453091 -2.58824783 3.96207368
2.67219789 0.57494256 5.49968432
2.66972790 0.30015606 5.63033757
3.10966626 -2.63078061 3.98138072
2.66085209 0.20248913 5.67511039
3.12730665 -2.56798275 3.95082424
2.71188989 0.35527838 5.60072167
2.70712954 0.24848770 5.65091647
2.74145385 0.37866378 5.58670002
2.72914460 0.21128303 5.66456642
2.74225246 0.27157781 5.63703367
2.75697530 0.27165522 5.63542676
2.80751507 0.47542382 5.53415379
2.91535314 0.93850923 5.27057400
3.75953010 1.94801428 2.29136946
2.83755549 0.25179745 5.63352354
2.90509878 0.60377294 5.45405491
3.96551683 2.42103521 2.02906369
3.61349513 -0.02693343 3.35141275
4.02939464 2.40487120 2.03572765
4.20400563 3.12844977 1.63899900
4.37646906 0.93974624 2.78203788
-3.38145608 3.08556966 0.75590025
-3.35036690 2.98832681 0.79958402
-3.28222404 3.03667593 0.76610704
-2.18940031 -1.44109509 2.99944138
-1.68268569 1.22389031 5.28763633
-1.68141799 1.37567559 5.20393511
-2.41454551 3.41532255 0.51910121
-1.66909428 1.36943099 5.20696654
-2.33627194 3.49358752 0.47398424
-1.62464065 1.52152726 5.11098737
-2.31223898 3.51298071 0.46341755
-2.27162594 3.16186059 0.64408384
-1.58350683 1.36918353 5.20554243
-2.21362251 3.01065038 0.72050987
-1.55814751 1.49083832 5.13689544
-1.55616577 1.53045701 5.10982971
-2.21574818 3.31455195 0.56506219
-2.20052831 3.28101462 0.58168907
-2.19569975 3.49376509 0.46998515
-1.52082689 1.40068394 5.18899331
-2.19144653 3.49378547 0.46981456
-2.17548008 3.28571653 0.57877592
-1.50628668 1.36569747 5.20769651
-2.13175221 2.92608926 0.76298837
-2.17030542 3.44026619 0.49751433
-1.50141946 1.37851507 5.20038257
-2.15936492 3.46457451 0.48459796
-2.14999059 3.39670844 0.51994497
-2.14963907 3.50372436 0.46305056
-1.48788308 1.39435963 5.19149752
-2.13957389 3.37236640 0.53312858
-2.12882355 3.28559607 0.57841638
-2.10964640 3.08122348 0.68283898
-2.11833572 3.37232732 0.53272356
-2.10465189 3.18545849 0.62895514
-1.47191717 1.41972342 5.17865580
-2.07959407 3.19007786 0.62660812
-2.09630883 3.53305505 0.44664823
-2.09109612 3.51865355 0.45326689
-2.04866674 3.17101471 0.63603927
-2.06253424 3.47948522 0.47410453
-2.05762559 3.52846226 0.44759105
-2.03736750 3.30969540 0.56417675
-2.03976168 3.51849750 0.45298257
-2.02295985 3.46446828 0.48223854
-1.40561224 1.44806815 5.16460585
-1.96949023 3.12776048 0.65907793
-1.36703806 1.27417161 5.25503417
-1.97565389 3.45945138 0.48459495
-1.93959541 3.12290520 0.66171576
-1.88156846 3.13720192 0.65338013
-1.32693935 1.54544394 5.10558406
-1.85726240 3.15147101 0.64516885
-1.62248071 2.73928170 0.85778114
-1.13469960 1.48551793 5.14542642
-1.54814589 3.05612212 0.69318513
-1.57306767 3.50338526 0.45559138
-1.07179011 1.47887803 5.15047389
-1.49534511 3.01340359 0.71590157
-1.47185568 3.28490648 0.57089285
-1.44688039 2.88689745 0.78142590
-1.40348641 2.67969713 0.88474664
-1.40626245 3.07521047 0.68060158
-1.38987126 3.33839107 0.54006191
-1.37081337 3.03752005 0.69955402
-1.34550128 2.59295860 0.92805882
-0.96795697 1.58912608 5.08435521
-0.96605868 1.55650483 5.10517797
-0.94448996 1.48229152 5.14618725
-0.94211484 1.55336542 5.10616833
-0.93363546 1.50465928 5.13461252
-1.29067705 2.65725633 0.89242630
-0.92488100 1.50789137 5.13272811
-0.91140620 1.53398562 5.11653838
-0.89886454 1.52099546 5.12392169
-1.47888958 1.37557295 5.19140012
-0.20160253 1.60169906 5.07456811
-0.14762816 1.56777926 5.09378566
1.13474718 1.31173110 5.19018616
0.96506853 1.06057847 5.32947717
0.92839484 1.28156824 5.21480533
0.01848028 1.43315669 5.16689619
1.28733885 1.22587180 5.21954396
1.73808057 1.16643330 5.23134453
1.11054444 0.99701946 5.35778571
1.52060964 0.90599177 5.38719855
0.22042285 1.41753858 5.17147582
-0.44019840 1.22900170 5.27053174
-0.57160989 1.46451693 5.15261105
2.30764708 -1.59520674 2.94092454
2.68736488 -1.62733967 2.85198121
2.76464596 2.45082089 0.88870704
0.86962792 -1.69969576 3.03653909
2.92680070 1.10262388 5.17096332
2.98134517 1.04702378 5.19744731
2.40040528 0.42658233 5.59640369
2.44791746 0.19441486 5.69797355
2.91628124 0.14987280 5.63594119
2.34848491 1.10426050 5.22632709
1.66612965 1.17946302 5.21551272
2.85648939 -1.33757513 3.31617443
2.72763024 -1.33156138 3.36346849
1.96219901 0.90423809 5.35977346
4.08692335 2.30834181 2.09205490
4.32243088 -0.27910272 3.46639632
4.48423923 1.39809919 2.55599248
2.03902799 2.70711767 0.73366477
2.89865854 -2.65166970 3.99743001
3.28220220 -1.02840458 3.89708941
2.70992284 0.56770159 5.49985996
0.94534557 1.05684772 5.33470126
3.01358646 0.86582074 5.30440711
2.40536812 0.13946207 5.60300423
2.40310312 0.09763356 5.55755711
2.40043877 0.04388946 5.47362577
2.39853880 -0.01715204 5.37958324
2.39947154 -0.06620201 5.30619484
2.43673265 -0.11728705 5.21958307
